<!DOCTYPE html>
<html>
  <head>
    <meta charset="utf-8" />
    <meta http-equiv="X-UA-Compatible" content="IE=edge,chrome=1" />
    <meta name="viewport" content="width=device-width, initial-scale=1" />
    <title>James Routley | Feed</title>
    <link
      rel="stylesheet"
      type="text/css"
      href="../styles.css"
      media="screen"
    />
  </head>
  <body>
    <a href="/index.html">Back</a>
    <a href="https://github.com/rust-lang/rust/pull/96376">Original</a>
    <h1>Rustc: Add do yeet expressions to allow experimentation in nightly</h1>
    
    <div id="readability-page-1" class="page"><div disabled="" sortable="">
<div>
          <p dir="auto">No real regressions here.</p>
<p dir="auto">Errors:</p>
<div data-snippet-clipboard-copy-content="[INFO] [stdout] error[E0583]: file not found for module `bitrust_pb`
[INFO] [stdout]  --&gt; /opt/rustwide/target/debug/build/bitrust-a3e48e3b381fb594/out/proto_mod.rs:1:1
[INFO] [stdout]   |
[INFO] [stdout] 1 | pub mod bitrust_pb;
[INFO] [stdout]   | ^^^^^^^^^^^^^^^^^^^
[INFO] [stdout]   |
[INFO] [stdout]   = help: to create the module `bitrust_pb`, create file &#34;/opt/rustwide/target/debug/build/bitrust-a3e48e3b381fb594/out/proto_mod/bitrust_pb.rs&#34; or &#34;/opt/rustwide/target/debug/build/bitrust-a3e48e3b381fb594/out/proto_mod/bitrust_pb/mod.rs&#34;"><pre><code>[INFO] [stdout] error[E0583]: file not found for module `bitrust_pb`
[INFO] [stdout]  --&gt; /opt/rustwide/target/debug/build/bitrust-a3e48e3b381fb594/out/proto_mod.rs:1:1
[INFO] [stdout]   |
[INFO] [stdout] 1 | pub mod bitrust_pb;
[INFO] [stdout]   | ^^^^^^^^^^^^^^^^^^^
[INFO] [stdout]   |
[INFO] [stdout]   = help: to create the module `bitrust_pb`, create file &#34;/opt/rustwide/target/debug/build/bitrust-a3e48e3b381fb594/out/proto_mod/bitrust_pb.rs&#34; or &#34;/opt/rustwide/target/debug/build/bitrust-a3e48e3b381fb594/out/proto_mod/bitrust_pb/mod.rs&#34;
</code></pre></div>
<div data-snippet-clipboard-copy-content="[INFO] [stdout] error[E0583]: file not found for module `proto_mod`
[INFO] [stdout]  --&gt; /opt/rustwide/target/debug/build/ledger-transport-zemu-9fbd9f2b9055f698/out/proto_mod.rs:2:1
[INFO] [stdout]   |
[INFO] [stdout] 2 | pub mod proto_mod;
[INFO] [stdout]   | ^^^^^^^^^^^^^^^^^^
[INFO] [stdout]   |
[INFO] [stdout]   = help: to create the module `proto_mod`, create file &#34;/opt/rustwide/target/debug/build/ledger-transport-zemu-9fbd9f2b9055f698/out/proto_mod/proto_mod.rs&#34; or &#34;/opt/rustwide/target/debug/build/ledger-transport-zemu-9fbd9f2b9055f698/out/proto_mod/proto_mod/mod.rs&#34;"><pre><code>[INFO] [stdout] error[E0583]: file not found for module `proto_mod`
[INFO] [stdout]  --&gt; /opt/rustwide/target/debug/build/ledger-transport-zemu-9fbd9f2b9055f698/out/proto_mod.rs:2:1
[INFO] [stdout]   |
[INFO] [stdout] 2 | pub mod proto_mod;
[INFO] [stdout]   | ^^^^^^^^^^^^^^^^^^
[INFO] [stdout]   |
[INFO] [stdout]   = help: to create the module `proto_mod`, create file &#34;/opt/rustwide/target/debug/build/ledger-transport-zemu-9fbd9f2b9055f698/out/proto_mod/proto_mod.rs&#34; or &#34;/opt/rustwide/target/debug/build/ledger-transport-zemu-9fbd9f2b9055f698/out/proto_mod/proto_mod/mod.rs&#34;
</code></pre></div>
<div data-snippet-clipboard-copy-content="[INFO] [stderr]   thread &#39;main&#39; panicked at &#39;failed to create required symlink: Os { code: 17, kind: AlreadyExists, message: &#34;File exists&#34; }&#39;, /opt/rustwide/cargo-home/git/checkouts/binaryninja-api-3c86176688a74ccb/661d7c9/rust/binaryninjacore-sys/build.rs:70:14"><pre><code>[INFO] [stderr]   thread &#39;main&#39; panicked at &#39;failed to create required symlink: Os { code: 17, kind: AlreadyExists, message: &#34;File exists&#34; }&#39;, /opt/rustwide/cargo-home/git/checkouts/binaryninja-api-3c86176688a74ccb/661d7c9/rust/binaryninjacore-sys/build.rs:70:14
</code></pre></div>
<div data-snippet-clipboard-copy-content="[INFO] [stderr]   thread &#39;main&#39; panicked at &#39;failed to create required symlink: Os { code: 17, kind: AlreadyExists, message: &#34;File exists&#34; }&#39;, /opt/rustwide/cargo-home/git/checkouts/binaryninja-api-3c86176688a74ccb/998d8ba/rust/binaryninjacore-sys/build.rs:70:14"><pre><code>[INFO] [stderr]   thread &#39;main&#39; panicked at &#39;failed to create required symlink: Os { code: 17, kind: AlreadyExists, message: &#34;File exists&#34; }&#39;, /opt/rustwide/cargo-home/git/checkouts/binaryninja-api-3c86176688a74ccb/998d8ba/rust/binaryninjacore-sys/build.rs:70:14
</code></pre></div>
<div data-snippet-clipboard-copy-content="[INFO] [stdout] error: expected expression, found `&lt;eof&gt;`
[INFO] [stdout]  --&gt; /opt/rustwide/target/debug/build/sailfish-compiler-d2f5ef8f8c6f2180/out/templates/style-1065dfe86ae1c352:0:1
[INFO] [stdout]   |
[INFO] [stdout] 
[INFO] [stdout] 
[INFO] [stdout] error: non-statement macro in statement position: include
[INFO] [stdout]  --&gt; src/style.rs:5:10
[INFO] [stdout]   |
[INFO] [stdout] 5 | #[derive(TemplateOnce)]
[INFO] [stdout]   |          ^^^^^^^^^^^^
[INFO] [stdout]   |
[INFO] [stdout]   = note: this error originates in the derive macro `TemplateOnce` (in Nightly builds, run with -Z macro-backtrace for more info)"><pre><code>[INFO] [stdout] error: expected expression, found `&lt;eof&gt;`
[INFO] [stdout]  --&gt; /opt/rustwide/target/debug/build/sailfish-compiler-d2f5ef8f8c6f2180/out/templates/style-1065dfe86ae1c352:0:1
[INFO] [stdout]   |
[INFO] [stdout] 
[INFO] [stdout] 
[INFO] [stdout] error: non-statement macro in statement position: include
[INFO] [stdout]  --&gt; src/style.rs:5:10
[INFO] [stdout]   |
[INFO] [stdout] 5 | #[derive(TemplateOnce)]
[INFO] [stdout]   |          ^^^^^^^^^^^^
[INFO] [stdout]   |
[INFO] [stdout]   = note: this error originates in the derive macro `TemplateOnce` (in Nightly builds, run with -Z macro-backtrace for more info)
</code></pre></div>
<div data-snippet-clipboard-copy-content="[INFO] [stderr]   thread &#39;main&#39; panicked at &#39;失败：不能删除原来的 /opt/rustwide/target/assets 符号链接文件: Os { code: 20, kind: NotADirectory, message: &#34;Not a directory&#34; }&#39;, build.rs:72:14"><pre><code>[INFO] [stderr]   thread &#39;main&#39; panicked at &#39;失败：不能删除原来的 /opt/rustwide/target/assets 符号链接文件: Os { code: 20, kind: NotADirectory, message: &#34;Not a directory&#34; }&#39;, build.rs:72:14
</code></pre></div>
<p dir="auto">But it looks like I have some conflicts to fix, so</p>
      </div>
</div></div>
  </body>
</html>
